<?xml version="1.0" encoding="UTF-8"?>
<!-- Generated by org.testng.reporters.JUnitReportReporter -->
<testsuite hostname="otywin-17" name="com.formsdirectinc.qa.EndToEndTest" tests="1" failures="0" timestamp="20 Sep 2016 08:00:14 GMT" time="57.161" errors="0">
  <testcase name="start" time="57.161" classname="com.formsdirectinc.qa.EndToEndTest"/>
</testsuite> <!-- com.formsdirectinc.qa.EndToEndTest -->
