<?xml version="1.0" encoding="UTF-8"?>
<!-- Generated by org.testng.reporters.JUnitReportReporter -->
<testsuite hostname="otywin-17" name="com.formsdirectinc.qa.app.registration.testcase.scriptsCheck" tests="1" failures="0" timestamp="21 Sep 2016 07:06:54 GMT" time="0.012" errors="1">
  <testcase name="registrationScripTtest" time="0.012" classname="com.formsdirectinc.qa.app.registration.testcase.scriptsCheck">
    <error type="org.testng.TestNGException" message="
Can&#039;t invoke public void com.formsdirectinc.qa.app.registration.testcase.scriptsCheck.registrationScripTtest(java.lang.String,java.lang.String,java.lang.String,java.lang.String,java.lang.String,java.lang.String) throws java.lang.Exception: either make it static or add a no-args constructor to your class">
      <![CDATA[org.testng.TestNGException: 
Can't invoke public void com.formsdirectinc.qa.app.registration.testcase.scriptsCheck.registrationScripTtest(java.lang.String,java.lang.String,java.lang.String,java.lang.String,java.lang.String,java.lang.String) throws java.lang.Exception: either make it static or add a no-args constructor to your class
	at org.testng.internal.Utils.checkInstanceOrStatic(Utils.java:790)
	at org.testng.internal.MethodInvocationHelper.invokeMethod(MethodInvocationHelper.java:42)
	at org.testng.internal.Invoker.invokeMethod(Invoker.java:643)
	at org.testng.internal.Invoker.invokeTestMethod(Invoker.java:820)
	at org.testng.internal.Invoker.invokeTestMethods(Invoker.java:1128)
	at org.testng.internal.TestMethodWorker.invokeTestMethods(TestMethodWorker.java:129)
	at org.testng.internal.TestMethodWorker.run(TestMethodWorker.java:112)
	at org.testng.TestRunner.privateRun(TestRunner.java:782)
	at org.testng.TestRunner.run(TestRunner.java:632)
	at org.testng.SuiteRunner.runTest(SuiteRunner.java:366)
	at org.testng.SuiteRunner.access$000(SuiteRunner.java:39)
	at org.testng.SuiteRunner$SuiteWorker.run(SuiteRunner.java:400)
	at org.testng.internal.thread.ThreadUtil$2.call(ThreadUtil.java:64)
	at java.util.concurrent.FutureTask.run(Unknown Source)
	at java.util.concurrent.ThreadPoolExecutor.runWorker(Unknown Source)
	at java.util.concurrent.ThreadPoolExecutor$Worker.run(Unknown Source)
	at java.lang.Thread.run(Unknown Source)
]]>
    </error>
  </testcase> <!-- registrationScripTtest -->
</testsuite> <!-- com.formsdirectinc.qa.app.registration.testcase.scriptsCheck -->
