<?xml version="1.0" encoding="UTF-8"?>
<!-- Generated by org.testng.reporters.JUnitReportReporter -->
<testsuite hostname="otywin-17" name="com.formsdirectinc.qa.app.payment.PaymentTest" tests="1" failures="0" timestamp="19 Sep 2016 14:03:38 GMT" time="0.092" errors="1">
  <testcase name="paymenttest" time="0.092" classname="com.formsdirectinc.qa.app.payment.PaymentTest">
    <error type="java.lang.RuntimeException" message="java.io.FileNotFoundException: build\resources\test\payment\forminputs.properties (The system cannot find the path specified)">
      <![CDATA[java.lang.RuntimeException: java.io.FileNotFoundException: build\resources\test\payment\forminputs.properties (The system cannot find the path specified)
	at com.formsdirectinc.qa.utils.PropertyResource.loadProperty(PropertyResource.java:31)
	at com.formsdirectinc.qa.app.payment.PaymentTest.paymenttest(PaymentTest.java:51)
	at sun.reflect.NativeMethodAccessorImpl.invoke0(Native Method)
	at sun.reflect.NativeMethodAccessorImpl.invoke(Unknown Source)
	at sun.reflect.DelegatingMethodAccessorImpl.invoke(Unknown Source)
	at java.lang.reflect.Method.invoke(Unknown Source)
	at org.testng.internal.MethodInvocationHelper.invokeMethod(MethodInvocationHelper.java:86)
	at org.testng.internal.Invoker.invokeMethod(Invoker.java:643)
	at org.testng.internal.Invoker.invokeTestMethod(Invoker.java:820)
	at org.testng.internal.Invoker.invokeTestMethods(Invoker.java:1128)
	at org.testng.internal.TestMethodWorker.invokeTestMethods(TestMethodWorker.java:129)
	at org.testng.internal.TestMethodWorker.run(TestMethodWorker.java:112)
	at org.testng.TestRunner.privateRun(TestRunner.java:782)
	at org.testng.TestRunner.run(TestRunner.java:632)
	at org.testng.SuiteRunner.runTest(SuiteRunner.java:366)
	at org.testng.SuiteRunner.access$000(SuiteRunner.java:39)
	at org.testng.SuiteRunner$SuiteWorker.run(SuiteRunner.java:400)
	at org.testng.internal.thread.ThreadUtil$2.call(ThreadUtil.java:64)
	at java.util.concurrent.FutureTask.run(Unknown Source)
	at java.util.concurrent.ThreadPoolExecutor.runWorker(Unknown Source)
	at java.util.concurrent.ThreadPoolExecutor$Worker.run(Unknown Source)
	at java.lang.Thread.run(Unknown Source)
Caused by: java.io.FileNotFoundException: build\resources\test\payment\forminputs.properties (The system cannot find the path specified)
	at java.io.FileInputStream.open(Native Method)
	at java.io.FileInputStream.<init>(Unknown Source)
	at com.formsdirectinc.qa.utils.PropertyResource.loadProperty(PropertyResource.java:27)
	... 21 more
]]>
    </error>
  </testcase> <!-- paymenttest -->
</testsuite> <!-- com.formsdirectinc.qa.app.payment.PaymentTest -->
