<?xml version="1.0" encoding="UTF-8"?>
<!-- Generated by org.testng.reporters.JUnitReportReporter -->
<testsuite hostname="otywin-17" name="com.formsdirectinc.qa.app.payment.PaymentTest" tests="1" failures="0" timestamp="19 Sep 2016 14:07:26 GMT" time="49.128" errors="0">
  <testcase name="paymenttest" time="49.128" classname="com.formsdirectinc.qa.app.payment.PaymentTest"/>
</testsuite> <!-- com.formsdirectinc.qa.app.payment.PaymentTest -->
