<?xml version="1.0" encoding="UTF-8"?>
<!-- Generated by org.testng.reporters.JUnitReportReporter -->
<testsuite hostname="otywin-17" name="com.formsdirectinc.qa.app.registration.RegistrationTest" tests="1" failures="0" timestamp="20 Sep 2016 06:57:54 GMT" time="25.752" errors="0">
  <testcase name="registrationtest" time="25.752" classname="com.formsdirectinc.qa.app.registration.RegistrationTest"/>
</testsuite> <!-- com.formsdirectinc.qa.app.registration.RegistrationTest -->
